2024-11-22 08:56:21,367 [INFO] Activator:176 - 


2024-11-22 08:56:21,370 [INFO] Activator:177 - !SESSION log4j initialized
2024-11-22 08:56:25,632 [INFO] LogOutputStream:77 - [STDOUT_REDIRECT] 
2024-11-22 08:56:36,886 [INFO] ApplicationProperties:184 - Using Application install path: D:\soft\STM32CubeIDE_1.15.1\STM32CubeIDE\plugins\com.st.stm32cube.common.mx_6.11.1.202404110753
2024-11-22 08:56:36,969 [INFO] DbMcusXml:78 - Set database path to: D:\soft\STM32CubeIDE_1.15.1\STM32CubeIDE\plugins\com.st.stm32cube.common.mx_6.11.1.202404110753\\db\/mcu/
2024-11-22 08:56:36,970 [INFO] ApiDb:274 - Set plugin database path to: D:\soft\STM32CubeIDE_1.15.1\STM32CubeIDE\plugins\com.st.stm32cube.common.mx_6.11.1.202404110753\\db\/plugins/boardmanager/
2024-11-22 08:56:36,971 [WARN] ApiDb:259 - Overriding images path with different value:  => D:\soft\STM32CubeIDE_1.15.1\STM32CubeIDE\plugins\com.st.stm32cube.common.mx_6.11.1.202404110753\\db\/plugins/mcufinder/images/
2024-11-22 08:56:36,990 [INFO] ApiDb:250 - Set database path to: C:\Users\32589\.stmcufinder\plugins\mcufinder//mcu/
2024-11-22 08:56:36,995 [INFO] DbMcusAds:125 - Set database path to: C:\Users\32589\.stmcufinder\plugins\mcufinder//mcu/
2024-11-22 08:56:37,017 [INFO] CrossReferenceDbSqlite:203 - Set database path to: C:\Users\32589\.stmcufinder\plugins\mcufinder//mcu/cs/
2024-11-22 08:56:37,797 [INFO] RulesReader:64 - Compatibility file has been processed (297 Rules)
2024-11-22 08:56:38,620 [INFO] DbMcusXml:78 - Set database path to: D:\soft\STM32CubeIDE_1.15.1\STM32CubeIDE\plugins\com.st.stm32cube.common.mx_6.11.1.202404110753\\db\/mcu/
2024-11-22 08:56:38,620 [INFO] ApiDb:274 - Set plugin database path to: D:\soft\STM32CubeIDE_1.15.1\STM32CubeIDE\plugins\com.st.stm32cube.common.mx_6.11.1.202404110753\\db\/plugins/boardmanager/
2024-11-22 08:56:38,620 [INFO] ApiDb:261 - Set plugin images path to: D:\soft\STM32CubeIDE_1.15.1\STM32CubeIDE\plugins\com.st.stm32cube.common.mx_6.11.1.202404110753\\db\/plugins/mcufinder/images/
2024-11-22 08:56:38,621 [WARN] DbFile:41 - Overriding database path with different value: C:\Users\32589\.stmcufinder\plugins\mcufinder/ => C:\Users\32589\.stmcufinder\plugins\mcufinder
2024-11-22 08:56:38,621 [INFO] ApiDb:250 - Set database path to: C:\Users\32589\.stmcufinder\plugins\mcufinder//mcu/
2024-11-22 08:56:38,621 [WARN] DbFile:41 - Overriding database path with different value: C:\Users\32589\.stmcufinder\plugins\mcufinder/ => C:\Users\32589\.stmcufinder\plugins\mcufinder
2024-11-22 08:56:38,621 [INFO] DbMcusAds:125 - Set database path to: C:\Users\32589\.stmcufinder\plugins\mcufinder//mcu/
2024-11-22 08:56:38,621 [WARN] DbFile:41 - Overriding database path with different value: C:\Users\32589\.stmcufinder\plugins\mcufinder/ => C:\Users\32589\.stmcufinder\plugins\mcufinder
2024-11-22 08:56:38,621 [WARN] DbFile:41 - Overriding database path with different value: C:\Users\32589\.stmcufinder\plugins\mcufinder/ => C:\Users\32589\.stmcufinder\plugins\mcufinder
2024-11-22 08:56:38,621 [INFO] CrossReferenceDbSqlite:203 - Set database path to: C:\Users\32589\.stmcufinder\plugins\mcufinder//mcu/cs/
2024-11-22 08:56:39,015 [INFO] MainPanel:264 - HeapMemory: 268435456
2024-11-22 08:56:39,393 [INFO] DbMcusXml:78 - Set database path to: D:\soft\STM32CubeIDE_1.15.1\STM32CubeIDE\plugins\com.st.stm32cube.common.mx_6.11.1.202404110753\\db\/mcu/
2024-11-22 08:56:39,393 [INFO] ApiDb:274 - Set plugin database path to: D:\soft\STM32CubeIDE_1.15.1\STM32CubeIDE\plugins\com.st.stm32cube.common.mx_6.11.1.202404110753\\db\/plugins/boardmanager/
2024-11-22 08:56:39,393 [INFO] ApiDb:261 - Set plugin images path to: D:\soft\STM32CubeIDE_1.15.1\STM32CubeIDE\plugins\com.st.stm32cube.common.mx_6.11.1.202404110753\\db\/plugins/mcufinder/images/
2024-11-22 08:56:39,397 [WARN] DbFile:41 - Overriding database path with different value: C:\Users\32589\.stmcufinder\plugins\mcufinder/ => C:\Users\32589\.stmcufinder\plugins\mcufinder
2024-11-22 08:56:39,397 [INFO] ApiDb:250 - Set database path to: C:\Users\32589\.stmcufinder\plugins\mcufinder//mcu/
2024-11-22 08:56:39,397 [WARN] DbFile:41 - Overriding database path with different value: C:\Users\32589\.stmcufinder\plugins\mcufinder/ => C:\Users\32589\.stmcufinder\plugins\mcufinder
2024-11-22 08:56:39,397 [INFO] DbMcusAds:125 - Set database path to: C:\Users\32589\.stmcufinder\plugins\mcufinder//mcu/
2024-11-22 08:56:39,397 [WARN] DbFile:41 - Overriding database path with different value: C:\Users\32589\.stmcufinder\plugins\mcufinder/ => C:\Users\32589\.stmcufinder\plugins\mcufinder
2024-11-22 08:56:39,397 [WARN] DbFile:41 - Overriding database path with different value: C:\Users\32589\.stmcufinder\plugins\mcufinder/ => C:\Users\32589\.stmcufinder\plugins\mcufinder
2024-11-22 08:56:39,397 [INFO] CrossReferenceDbSqlite:203 - Set database path to: C:\Users\32589\.stmcufinder\plugins\mcufinder//mcu/cs/
2024-11-22 08:56:39,482 [INFO] ApplicationProperties:184 - Using Application install path: D:\soft\STM32CubeIDE_1.15.1\STM32CubeIDE\plugins\com.st.stm32cube.common.mx_6.11.1.202404110753
2024-11-22 08:56:39,515 [INFO] PluginManage:196 - Search for loadable plugins [exclusion list=, ]
2024-11-22 08:56:39,529 [INFO] PluginManage:310 - Check plugin analytics
2024-11-22 08:56:41,130 [INFO] AnalyticsPlugin:253 - Accepted Software Licenses: 
2024-11-22 08:56:41,130 [INFO] AnalyticsPlugin:255 - Accepted CMSIS Pack Licenses: 
2024-11-22 08:56:41,131 [INFO] AnalyticsPlugin:257 - Accepted Firmware Licenses: 
2024-11-22 08:56:41,153 [INFO] PluginManage:359 - Loaded plugin analytics (category:tool,tabindex:-1)
2024-11-22 08:56:41,153 [INFO] PluginManage:310 - Check plugin cadmodel
2024-11-22 08:56:41,202 [INFO] CADModel:105 - Init CAD model plugin
2024-11-22 08:56:41,203 [INFO] PluginManage:359 - Loaded plugin cadmodel (category:power,tabindex:5)
2024-11-22 08:56:41,204 [INFO] PluginManage:310 - Check plugin clock
2024-11-22 08:56:41,250 [INFO] PluginManage:359 - Loaded plugin clock (category:base,tabindex:2)
2024-11-22 08:56:41,251 [INFO] PluginManage:310 - Check plugin ddr
2024-11-22 08:56:41,269 [INFO] PluginManage:359 - Loaded plugin ddr (category:tool,tabindex:6)
2024-11-22 08:56:41,269 [INFO] PluginManage:310 - Check plugin filemanager
2024-11-22 08:56:42,116 [INFO] PluginManage:359 - Loaded plugin filemanager (category:base,tabindex:10)
2024-11-22 08:56:42,117 [INFO] PluginManage:310 - Check plugin ipmanager
2024-11-22 08:56:42,139 [INFO] PluginManage:359 - Loaded plugin ipmanager (category:base,tabindex:5)
2024-11-22 08:56:42,139 [INFO] PluginManage:310 - Check plugin lpbam
2024-11-22 08:56:42,188 [INFO] PluginManage:359 - Loaded plugin lpbam (category:base,tabindex:0)
2024-11-22 08:56:42,189 [INFO] PluginManage:310 - Check plugin memorymap
2024-11-22 08:56:42,365 [INFO] PluginManage:359 - Loaded plugin memorymap (category:base,tabindex:4)
2024-11-22 08:56:42,365 [INFO] PluginManage:310 - Check plugin pinoutandconfiguration
2024-11-22 08:56:42,424 [INFO] PluginManage:359 - Loaded plugin pinoutandconfiguration (category:base,tabindex:1)
2024-11-22 08:56:42,425 [INFO] PluginManage:310 - Check plugin pinoutconfig
2024-11-22 08:56:42,762 [WARN] SupportedApi:132 - Cannot load RTOS API schema: s4s-elt-must-match.1: The content of 'definitions' must match (annotation?, (simpleType | complexType)?, (unique | key | keyref)*)). A problem was found starting at: attribute.
2024-11-22 08:56:43,523 [INFO] PluginManage:359 - Loaded plugin pinoutconfig (category:base,tabindex:0)
2024-11-22 08:56:43,523 [INFO] PluginManage:310 - Check plugin power
2024-11-22 08:56:43,597 [INFO] PluginManage:359 - Loaded plugin power (category:power,tabindex:4)
2024-11-22 08:56:43,599 [INFO] PluginManage:310 - Check plugin projectmanager
2024-11-22 08:56:43,663 [INFO] PluginManage:359 - Loaded plugin projectmanager (category:projectmanager,tabindex:3)
2024-11-22 08:56:43,663 [INFO] PluginManage:310 - Check plugin thirdparty
2024-11-22 08:56:44,165 [INFO] PluginManage:359 - Loaded plugin thirdparty (category:base,tabindex:-1)
2024-11-22 08:56:44,166 [INFO] PluginManage:310 - Check plugin tools
2024-11-22 08:56:44,165 [WARN] IntegrityCheckThread:84 - waiting for thirdparty lock release [integrity check]
2024-11-22 08:56:44,166 [INFO] IntegrityCheckThread:86 - entering critical section [integrity check]
2024-11-22 08:56:44,167 [INFO] ThirdPartyUpdaterWithRetryManager:70 - Updater plugin not ready yet. [1/15]
2024-11-22 08:56:44,202 [INFO] PluginManage:359 - Loaded plugin tools (category:base,tabindex:7)
2024-11-22 08:56:44,203 [INFO] PluginManage:310 - Check plugin tutovideos
2024-11-22 08:56:44,485 [INFO] PluginManage:359 - Loaded plugin tutovideos (category:base,tabindex:-1)
2024-11-22 08:56:44,485 [INFO] PluginManage:310 - Check plugin updater
2024-11-22 08:56:44,506 [INFO] PluginManage:359 - Loaded plugin updater (category:base,tabindex:12)
2024-11-22 08:56:44,506 [INFO] PluginManage:310 - Check plugin userauth
2024-11-22 08:56:44,514 [INFO] UserAuth:114 - Init User Auth plugin
2024-11-22 08:56:44,515 [INFO] PluginManage:359 - Loaded plugin userauth (category:base,tabindex:14)
2024-11-22 08:56:44,515 [INFO] PluginManage:283 - PluginManage : Loaded plugins [17]
2024-11-22 08:56:44,820 [INFO] PinOutPanel:1561 - setPackage(No Configuration,No Configuration)
2024-11-22 08:56:44,902 [INFO] CADModel:165 - CPN selected for project level
2024-11-22 08:56:44,903 [INFO] CADModel:114 - Register for checkConnection events
2024-11-22 08:56:44,939 [INFO] IPUIPlugin:80 - create IPUIPlugin
2024-11-22 08:56:44,939 [INFO] PluginManager:220 - loadIPPluginJar : add adc
2024-11-22 08:56:44,975 [INFO] IPUIPlugin:80 - create IPUIPlugin
2024-11-22 08:56:44,975 [INFO] PluginManager:220 - loadIPPluginJar : add aes
2024-11-22 08:56:45,027 [INFO] IPUIPlugin:80 - create IPUIPlugin
2024-11-22 08:56:45,028 [INFO] PluginManager:220 - loadIPPluginJar : add can
2024-11-22 08:56:45,063 [INFO] IPUIPlugin:80 - create IPUIPlugin
2024-11-22 08:56:45,064 [INFO] PluginManager:220 - loadIPPluginJar : add comp
2024-11-22 08:56:45,104 [INFO] IPUIPlugin:80 - create IPUIPlugin
2024-11-22 08:56:45,105 [INFO] PluginManager:220 - loadIPPluginJar : add cryp
2024-11-22 08:56:45,113 [INFO] IPUIPlugin:80 - create IPUIPlugin
2024-11-22 08:56:45,113 [INFO] PluginManager:220 - loadIPPluginJar : add dfsdm
2024-11-22 08:56:45,128 [INFO] IPUIPlugin:80 - create IPUIPlugin
2024-11-22 08:56:45,128 [INFO] PluginManager:220 - loadIPPluginJar : add dma
2024-11-22 08:56:45,183 [INFO] IPUIPlugin:80 - create IPUIPlugin
2024-11-22 08:56:45,183 [INFO] PluginManager:220 - loadIPPluginJar : add dma3
2024-11-22 08:56:45,239 [INFO] IPUIPlugin:80 - create IPUIPlugin
2024-11-22 08:56:45,239 [INFO] PluginManager:220 - loadIPPluginJar : add extmemmanager
2024-11-22 08:56:45,278 [INFO] IPUIPlugin:80 - create IPUIPlugin
2024-11-22 08:56:45,278 [INFO] PluginManager:220 - loadIPPluginJar : add fatfs
2024-11-22 08:56:45,326 [INFO] IPUIPlugin:80 - create IPUIPlugin
2024-11-22 08:56:45,326 [INFO] PluginManager:220 - loadIPPluginJar : add fmc
2024-11-22 08:56:45,342 [INFO] IPUIPlugin:80 - create IPUIPlugin
2024-11-22 08:56:45,342 [INFO] PluginManager:220 - loadIPPluginJar : add freertos
2024-11-22 08:56:45,344 [INFO] IPUIPlugin:80 - create IPUIPlugin
2024-11-22 08:56:45,345 [INFO] PluginManager:220 - loadIPPluginJar : add genericplugin
2024-11-22 08:56:45,442 [INFO] IPUIPlugin:80 - create IPUIPlugin
2024-11-22 08:56:45,442 [INFO] PluginManager:220 - loadIPPluginJar : add gfxmmu
2024-11-22 08:56:45,577 [INFO] IPUIPlugin:80 - create IPUIPlugin
2024-11-22 08:56:45,577 [INFO] PluginManager:220 - loadIPPluginJar : add gic
2024-11-22 08:56:45,595 [INFO] IPUIPlugin:80 - create IPUIPlugin
2024-11-22 08:56:45,596 [INFO] PluginManager:220 - loadIPPluginJar : add gpio
2024-11-22 08:56:45,697 [INFO] IPUIPlugin:80 - create IPUIPlugin
2024-11-22 08:56:45,697 [INFO] PluginManager:220 - loadIPPluginJar : add gtzc
2024-11-22 08:56:45,705 [INFO] IPUIPlugin:80 - create IPUIPlugin
2024-11-22 08:56:45,705 [INFO] PluginManager:220 - loadIPPluginJar : add hash
2024-11-22 08:56:45,756 [INFO] IPUIPlugin:80 - create IPUIPlugin
2024-11-22 08:56:45,756 [INFO] PluginManager:220 - loadIPPluginJar : add i2c
2024-11-22 08:56:45,817 [INFO] IPUIPlugin:80 - create IPUIPlugin
2024-11-22 08:56:45,817 [INFO] PluginManager:220 - loadIPPluginJar : add i2s
2024-11-22 08:56:45,891 [INFO] IPUIPlugin:80 - create IPUIPlugin
2024-11-22 08:56:45,891 [INFO] PluginManager:220 - loadIPPluginJar : add i3c
2024-11-22 08:56:46,024 [INFO] IPUIPlugin:80 - create IPUIPlugin
2024-11-22 08:56:46,024 [INFO] PluginManager:220 - loadIPPluginJar : add ipddr
2024-11-22 08:56:46,145 [INFO] IPUIPlugin:80 - create IPUIPlugin
2024-11-22 08:56:46,146 [INFO] PluginManager:220 - loadIPPluginJar : add linkedlist
2024-11-22 08:56:46,185 [INFO] IPUIPlugin:80 - create IPUIPlugin
2024-11-22 08:56:46,188 [INFO] PluginManager:220 - loadIPPluginJar : add lorawan
2024-11-22 08:56:46,230 [INFO] IPUIPlugin:80 - create IPUIPlugin
2024-11-22 08:56:46,230 [INFO] PluginManager:220 - loadIPPluginJar : add ltdc
2024-11-22 08:56:46,245 [INFO] IPUIPlugin:80 - create IPUIPlugin
2024-11-22 08:56:46,245 [INFO] PluginManager:220 - loadIPPluginJar : add mdma
2024-11-22 08:56:46,260 [INFO] IPUIPlugin:80 - create IPUIPlugin
2024-11-22 08:56:46,260 [INFO] PluginManager:220 - loadIPPluginJar : add nvic
2024-11-22 08:56:46,305 [INFO] IPUIPlugin:80 - create IPUIPlugin
2024-11-22 08:56:46,305 [INFO] PluginManager:220 - loadIPPluginJar : add opamp
2024-11-22 08:56:46,385 [INFO] IPUIPlugin:80 - create IPUIPlugin
2024-11-22 08:56:46,386 [INFO] PluginManager:220 - loadIPPluginJar : add openamp
2024-11-22 08:56:46,440 [INFO] IPUIPlugin:80 - create IPUIPlugin
2024-11-22 08:56:46,440 [INFO] PluginManager:220 - loadIPPluginJar : add pdm2pcm
2024-11-22 08:56:46,454 [INFO] IPUIPlugin:80 - create IPUIPlugin
2024-11-22 08:56:46,455 [INFO] PluginManager:220 - loadIPPluginJar : add plateformsettings
2024-11-22 08:56:46,457 [INFO] IPUIPlugin:80 - create IPUIPlugin
2024-11-22 08:56:46,458 [INFO] PluginManager:220 - loadIPPluginJar : add quadspi
2024-11-22 08:56:46,470 [INFO] IPUIPlugin:80 - create IPUIPlugin
2024-11-22 08:56:46,470 [INFO] PluginManager:220 - loadIPPluginJar : add resmgrutility
2024-11-22 08:56:46,531 [INFO] IPUIPlugin:80 - create IPUIPlugin
2024-11-22 08:56:46,532 [INFO] PluginManager:220 - loadIPPluginJar : add sai
2024-11-22 08:56:46,576 [INFO] IPUIPlugin:80 - create IPUIPlugin
2024-11-22 08:56:46,576 [INFO] PluginManager:220 - loadIPPluginJar : add spi
2024-11-22 08:56:46,649 [INFO] IPUIPlugin:80 - create IPUIPlugin
2024-11-22 08:56:46,649 [INFO] PluginManager:220 - loadIPPluginJar : add stm32_wpan
2024-11-22 08:56:46,657 [INFO] IPUIPlugin:80 - create IPUIPlugin
2024-11-22 08:56:46,657 [INFO] PluginManager:220 - loadIPPluginJar : add tim
2024-11-22 08:56:46,732 [INFO] IPUIPlugin:80 - create IPUIPlugin
2024-11-22 08:56:46,733 [INFO] PluginManager:220 - loadIPPluginJar : add touchsensing
2024-11-22 08:56:46,767 [INFO] IPUIPlugin:80 - create IPUIPlugin
2024-11-22 08:56:46,767 [INFO] PluginManager:220 - loadIPPluginJar : add tracer_emb
2024-11-22 08:56:46,770 [INFO] IPUIPlugin:80 - create IPUIPlugin
2024-11-22 08:56:46,770 [INFO] PluginManager:220 - loadIPPluginJar : add ts
2024-11-22 08:56:46,797 [INFO] IPUIPlugin:80 - create IPUIPlugin
2024-11-22 08:56:46,797 [INFO] PluginManager:220 - loadIPPluginJar : add tsc
2024-11-22 08:56:46,806 [INFO] IPUIPlugin:80 - create IPUIPlugin
2024-11-22 08:56:46,806 [INFO] PluginManager:220 - loadIPPluginJar : add ucpd
2024-11-22 08:56:46,853 [INFO] IPUIPlugin:80 - create IPUIPlugin
2024-11-22 08:56:46,853 [INFO] PluginManager:220 - loadIPPluginJar : add usart
2024-11-22 08:56:46,907 [INFO] IPUIPlugin:80 - create IPUIPlugin
2024-11-22 08:56:46,907 [INFO] PluginManager:220 - loadIPPluginJar : add usbx
2024-11-22 08:56:47,048 [INFO] CADModel:165 - CPN selected for project level
2024-11-22 08:56:47,048 [INFO] CADModel:114 - Register for checkConnection events
2024-11-22 08:56:47,048 [FATAL] Updater:308 - Updater called before beeing initialized
2024-11-22 08:56:47,048 [ERROR] CADModel:125 - Updater not yet initialized, retry later 
2024-11-22 08:56:47,168 [INFO] ThirdPartyUpdaterWithRetryManager:70 - Updater plugin not ready yet. [2/15]
2024-11-22 08:56:47,251 [INFO] CADModel:165 - CPN selected for project level
2024-11-22 08:56:47,251 [INFO] CADModel:114 - Register for checkConnection events
2024-11-22 08:56:47,251 [FATAL] Updater:308 - Updater called before beeing initialized
2024-11-22 08:56:47,251 [ERROR] CADModel:125 - Updater not yet initialized, retry later 
2024-11-22 08:56:47,255 [FATAL] Updater:308 - Updater called before beeing initialized
2024-11-22 08:56:47,435 [FATAL] Updater:308 - Updater called before beeing initialized
2024-11-22 08:56:47,440 [INFO] DbMcusAds:53 - JSON generation date=Fri Sep 20 21:04:38 CST 2024 (1726837478367)
2024-11-22 08:56:47,440 [FATAL] Updater:308 - Updater called before beeing initialized
2024-11-22 08:56:47,474 [WARN] DetailPanel:346 - Failed to get advertising image, set to default
2024-11-22 08:56:47,546 [FATAL] Updater:308 - Updater called before beeing initialized
2024-11-22 08:56:47,548 [FATAL] Updater:308 - Updater called before beeing initialized
2024-11-22 08:56:47,548 [FATAL] Updater:308 - Updater called before beeing initialized
2024-11-22 08:56:47,548 [WARN] DetailPanel:346 - Failed to get advertising image, set to default
2024-11-22 08:56:47,549 [FATAL] Updater:308 - Updater called before beeing initialized
2024-11-22 08:56:47,615 [ERROR] Updater:1120 - MainUpdater not yet initialized. External WinMGr cannot be set.
2024-11-22 08:56:47,619 [INFO] Updater:1056 - Updater Version found : 6.11.1
2024-11-22 08:56:47,635 [INFO] ApplicationProperties:184 - Using Application install path: D:\soft\STM32CubeIDE_1.15.1\STM32CubeIDE\plugins\com.st.stm32cube.common.mx_6.11.1.202404110753
2024-11-22 08:56:48,191 [INFO] MainUpdater:2873 - connection check result : 10
2024-11-22 08:56:48,192 [INFO] MainUpdater:290 - Updater Check For Update Now.
2024-11-22 08:56:48,192 [INFO] MicroXplorer:498 - Change Database Version : DB.6.0.111
2024-11-22 08:56:48,226 [INFO] McuFinderGlobals:63 - Set McuFinder mode to 2 (CubeIDE integrated)
2024-11-22 08:56:48,227 [INFO] UserAuth:179 - activating auth plugin
2024-11-22 08:56:48,234 [INFO] UserAuth:415 - Internet connection configuration mode: 1
2024-11-22 08:56:48,314 [INFO] JxBrowserEngine:152 - Initiate JxBrowser Engine with user profile folder
2024-11-22 08:56:48,431 [INFO] CheckServerUpdateThread:120 - End of CheckServer Thread
2024-11-22 08:56:50,074 [INFO] WebApp:161 - Instantiating new browser for Auth
2024-11-22 08:56:50,389 [WARN] PackLoader:240 - Cannot read IP mode file for STMicroelectronics.FP-ATR-ASTRA1.2.0.1
2024-11-22 08:56:50,401 [WARN] PackLoader:240 - Cannot read IP mode file for STMicroelectronics.X-CUBE-SMBUS.2.1.0
2024-11-22 08:56:50,415 [WARN] PackLoader:240 - Cannot read IP mode file for STMicroelectronics.X-CUBE-WB05N.1.1.0
2024-11-22 08:56:50,461 [WARN] PackLoader:240 - Cannot read IP mode file for STMicroelectronics.X-CUBE-AZRTOS-F7.1.1.0
2024-11-22 08:56:50,514 [WARN] PackLoader:240 - Cannot read IP mode file for STMicroelectronics.X-CUBE-MEMS1.11.0.0
2024-11-22 08:56:50,621 [WARN] PackLoader:240 - Cannot read IP mode file for STMicroelectronics.FP-SNS-FLIGHT1.5.0.2
2024-11-22 08:56:50,629 [WARN] PackLoader:240 - Cannot read IP mode file for STMicroelectronics.X-CUBE-DISPLAY.3.0.0
2024-11-22 08:56:50,635 [WARN] PackLoader:240 - Cannot read IP mode file for STMicroelectronics.X-CUBE-BLE1.7.0.0
2024-11-22 08:56:50,641 [WARN] PackLoader:240 - Cannot read IP mode file for STMicroelectronics.X-CUBE-NFC10.1.0.0
2024-11-22 08:56:50,646 [WARN] PackLoader:240 - Cannot read IP mode file for emotas.I-CUBE-CANOPEN.1.3.0
2024-11-22 08:56:50,653 [WARN] PackLoader:240 - Cannot read IP mode file for STMicroelectronics.X-CUBE-BLEMGR.3.1.0
2024-11-22 08:56:50,659 [WARN] PackLoader:240 - Cannot read IP mode file for STMicroelectronics.FP-SNS-SMARTAG2.1.2.0
2024-11-22 08:56:50,668 [INFO] LogOutputStream:77 - [STDOUT_REDIRECT] 1 : Invalid condition id : UX_CORESTACK_Condition cause : null
2024-11-22 08:56:50,670 [INFO] LogOutputStream:77 - [STDOUT_REDIRECT] 1 : Invalid condition id : UX_CORESTACK_Condition cause : null
2024-11-22 08:56:50,674 [INFO] LogOutputStream:77 - [STDOUT_REDIRECT] 1 : Invalid condition id : UX_CORESTACK_Condition cause : null
2024-11-22 08:56:50,677 [INFO] LogOutputStream:77 - [STDOUT_REDIRECT] 1 : Invalid condition id : UX_CORESTACK_Condition cause : null
2024-11-22 08:56:50,680 [INFO] LogOutputStream:77 - [STDOUT_REDIRECT] 1 : Invalid condition id : UX_CORESTACK_Condition cause : null
2024-11-22 08:56:50,682 [WARN] PackLoader:240 - Cannot read IP mode file for STMicroelectronics.X-CUBE-AZRTOS-WL.2.0.0
2024-11-22 08:56:50,688 [WARN] PackLoader:240 - Cannot read IP mode file for wolfSSL.I-CUBE-wolfMQTT.1.19.0
2024-11-22 08:56:50,692 [WARN] PackLoader:240 - Cannot read IP mode file for STMicroelectronics.X-CUBE-BLE2.3.3.0
2024-11-22 08:56:50,698 [WARN] PackLoader:240 - Cannot read IP mode file for STMicroelectronics.X-CUBE-NFC9.1.0.0
2024-11-22 08:56:50,719 [WARN] PackLoader:240 - Cannot read IP mode file for STMicroelectronics.X-CUBE-AZRTOS-G0.1.1.0
2024-11-22 08:56:50,751 [WARN] PackLoader:240 - Cannot read IP mode file for STMicroelectronics.X-CUBE-NFC4.3.0.0
2024-11-22 08:56:50,779 [WARN] PackLoader:240 - Cannot read IP mode file for EmbeddedOffice.I-CUBE-FS-RTOS.1.0.1
2024-11-22 08:56:50,779 [ERROR] ConditionMgr:805 - Attr not supported : Dmpu
2024-11-22 08:56:50,780 [ERROR] ConditionMgr:805 - Attr not supported : Dmpu
2024-11-22 08:56:50,780 [ERROR] ConditionMgr:805 - Attr not supported : Dmpu
2024-11-22 08:56:50,780 [ERROR] ConditionMgr:805 - Attr not supported : Dmpu
2024-11-22 08:56:50,780 [ERROR] ConditionMgr:805 - Attr not supported : Dmpu
2024-11-22 08:56:50,780 [ERROR] ConditionMgr:805 - Attr not supported : Dmpu
2024-11-22 08:56:50,780 [ERROR] ConditionMgr:805 - Attr not supported : Dmpu
2024-11-22 08:56:50,780 [ERROR] ConditionMgr:805 - Attr not supported : Dmpu
2024-11-22 08:56:50,780 [ERROR] ConditionMgr:805 - Attr not supported : Dmpu
2024-11-22 08:56:50,780 [ERROR] ConditionMgr:805 - Attr not supported : Dmpu
2024-11-22 08:56:50,780 [ERROR] ConditionMgr:805 - Attr not supported : Dmpu
2024-11-22 08:56:50,780 [ERROR] ConditionMgr:805 - Attr not supported : Dmpu
2024-11-22 08:56:50,780 [ERROR] ConditionMgr:805 - Attr not supported : Dmpu
2024-11-22 08:56:50,780 [ERROR] ConditionMgr:805 - Attr not supported : Dmpu
2024-11-22 08:56:50,780 [ERROR] ConditionMgr:805 - Attr not supported : Dmpu
2024-11-22 08:56:50,780 [ERROR] ConditionMgr:805 - Attr not supported : Dmpu
2024-11-22 08:56:50,827 [ERROR] ConditionMgr:805 - Attr not supported : Dmpu
2024-11-22 08:56:50,827 [ERROR] ConditionMgr:805 - Attr not supported : Dmpu
2024-11-22 08:56:50,828 [ERROR] ConditionMgr:805 - Attr not supported : Dmpu
2024-11-22 08:56:50,828 [ERROR] ConditionMgr:805 - Attr not supported : Dmpu
2024-11-22 08:56:50,828 [ERROR] ConditionMgr:805 - Attr not supported : Dmpu
2024-11-22 08:56:50,828 [ERROR] ConditionMgr:805 - Attr not supported : Dmpu
2024-11-22 08:56:50,828 [ERROR] ConditionMgr:805 - Attr not supported : Dmpu
2024-11-22 08:56:50,828 [ERROR] ConditionMgr:805 - Attr not supported : Dmpu
2024-11-22 08:56:50,830 [ERROR] ConditionMgr:805 - Attr not supported : Dmpu
2024-11-22 08:56:50,831 [ERROR] ConditionMgr:805 - Attr not supported : Dmpu
2024-11-22 08:56:50,831 [ERROR] ConditionMgr:805 - Attr not supported : Dmpu
2024-11-22 08:56:50,831 [ERROR] ConditionMgr:805 - Attr not supported : Dmpu
2024-11-22 08:56:50,831 [ERROR] ConditionMgr:805 - Attr not supported : Dmpu
2024-11-22 08:56:50,832 [ERROR] ConditionMgr:805 - Attr not supported : Dmpu
2024-11-22 08:56:50,832 [ERROR] ConditionMgr:805 - Attr not supported : Dmpu
2024-11-22 08:56:50,832 [ERROR] ConditionMgr:805 - Attr not supported : Dmpu
2024-11-22 08:56:50,832 [ERROR] ConditionMgr:805 - Attr not supported : Dmpu
2024-11-22 08:56:50,832 [ERROR] ConditionMgr:805 - Attr not supported : Dmpu
2024-11-22 08:56:50,832 [ERROR] ConditionMgr:805 - Attr not supported : Dmpu
2024-11-22 08:56:50,832 [ERROR] ConditionMgr:805 - Attr not supported : Dmpu
2024-11-22 08:56:50,833 [ERROR] ConditionMgr:805 - Attr not supported : Dmpu
2024-11-22 08:56:50,833 [ERROR] ConditionMgr:805 - Attr not supported : Dmpu
2024-11-22 08:56:50,833 [ERROR] ConditionMgr:805 - Attr not supported : Dmpu
2024-11-22 08:56:50,833 [ERROR] ConditionMgr:805 - Attr not supported : Dmpu
2024-11-22 08:56:50,833 [ERROR] ConditionMgr:805 - Attr not supported : Dmpu
2024-11-22 08:56:50,834 [ERROR] ConditionMgr:805 - Attr not supported : Dmpu
2024-11-22 08:56:50,834 [ERROR] ConditionMgr:805 - Attr not supported : Dmpu
2024-11-22 08:56:50,834 [ERROR] ConditionMgr:805 - Attr not supported : Dmpu
2024-11-22 08:56:50,834 [ERROR] ConditionMgr:805 - Attr not supported : Dmpu
2024-11-22 08:56:50,834 [ERROR] ConditionMgr:805 - Attr not supported : Dmpu
2024-11-22 08:56:50,834 [ERROR] ConditionMgr:805 - Attr not supported : Dmpu
2024-11-22 08:56:50,834 [ERROR] ConditionMgr:805 - Attr not supported : Dmpu
2024-11-22 08:56:50,834 [ERROR] ConditionMgr:805 - Attr not supported : Dmpu
2024-11-22 08:56:50,834 [ERROR] ConditionMgr:805 - Attr not supported : Dmpu
2024-11-22 08:56:50,834 [ERROR] ConditionMgr:805 - Attr not supported : Dmpu
2024-11-22 08:56:50,834 [ERROR] ConditionMgr:805 - Attr not supported : Dmpu
2024-11-22 08:56:50,834 [ERROR] ConditionMgr:805 - Attr not supported : Dmpu
2024-11-22 08:56:50,834 [ERROR] ConditionMgr:805 - Attr not supported : Dmpu
2024-11-22 08:56:50,834 [ERROR] ConditionMgr:805 - Attr not supported : Dmpu
2024-11-22 08:56:50,834 [ERROR] ConditionMgr:805 - Attr not supported : Dmpu
2024-11-22 08:56:50,834 [ERROR] ConditionMgr:805 - Attr not supported : Dmpu
2024-11-22 08:56:50,834 [ERROR] ConditionMgr:805 - Attr not supported : Dmpu
2024-11-22 08:56:50,834 [ERROR] ConditionMgr:805 - Attr not supported : Dmpu
2024-11-22 08:56:50,835 [ERROR] ConditionMgr:805 - Attr not supported : Dmpu
2024-11-22 08:56:50,835 [ERROR] ConditionMgr:805 - Attr not supported : Dmpu
2024-11-22 08:56:50,835 [ERROR] ConditionMgr:805 - Attr not supported : Dmpu
2024-11-22 08:56:50,835 [ERROR] ConditionMgr:805 - Attr not supported : Dmpu
2024-11-22 08:56:50,835 [ERROR] ConditionMgr:805 - Attr not supported : Dmpu
2024-11-22 08:56:50,843 [WARN] PackLoader:240 - Cannot read IP mode file for RealThread.X-CUBE-RT-Thread_Nano.4.1.1
2024-11-22 08:56:50,856 [WARN] PackLoader:240 - Cannot read IP mode file for STMicroelectronics.FP-ATR-SIGFOX1.3.2.0
2024-11-22 08:56:50,863 [WARN] ConditionMgr:438 - getConditionDescription Invalid condition id : Cortex-A Device cause : null
2024-11-22 08:56:50,908 [WARN] ConditionMgr:1039 - genDependencies : Invalid condition id : Cortex-A Device cause : null
2024-11-22 08:56:50,908 [WARN] ConditionMgr:1039 - genDependencies : Invalid condition id : Cortex-A Device cause : null
2024-11-22 08:56:50,908 [WARN] ConditionMgr:1039 - genDependencies : Invalid condition id : Cortex-A Device cause : null
2024-11-22 08:56:50,918 [WARN] PackLoader:240 - Cannot read IP mode file for STMicroelectronics.X-CUBE-EEPRMA1.5.1.0
2024-11-22 08:56:50,931 [WARN] PackLoader:240 - Cannot read IP mode file for ITTIA_DB.I-CUBE-ITTIADB.8.9.0
2024-11-22 08:56:51,001 [WARN] PackLoader:240 - Cannot read IP mode file for SEGGER.I-CUBE-embOS.1.3.1
2024-11-22 08:56:51,054 [WARN] PackLoader:240 - Cannot read IP mode file for STMicroelectronics.X-CUBE-AI.9.1.0
2024-11-22 08:56:51,061 [WARN] PackLoader:240 - Cannot read IP mode file for STMicroelectronics.X-CUBE-GNSS1.6.0.0
2024-11-22 08:56:51,078 [WARN] PackLoader:240 - Cannot read IP mode file for STMicroelectronics.X-CUBE-AZRTOS-F4.1.1.0
2024-11-22 08:56:51,085 [WARN] PackLoader:240 - Cannot read IP mode file for STMicroelectronics.X-CUBE-ISPU.2.1.0
2024-11-22 08:56:51,101 [WARN] PackLoader:240 - Cannot read IP mode file for STMicroelectronics.X-CUBE-AZRTOS-L5.2.0.0
2024-11-22 08:56:51,108 [WARN] PackLoader:240 - Cannot read IP mode file for STMicroelectronics.X-CUBE-AI.9.0.0
2024-11-22 08:56:51,113 [WARN] PackLoader:240 - Cannot read IP mode file for STMicroelectronics.X-CUBE-NFC7.1.0.1
2024-11-22 08:56:51,117 [WARN] PackLoader:240 - Cannot read IP mode file for wolfSSL.I-CUBE-wolfTPM.3.2.0
2024-11-22 08:56:51,134 [WARN] ConditionMgr:438 - getConditionDescription Invalid condition id : LAN8742 Phy interface Condition cause : null
2024-11-22 08:56:51,135 [WARN] PackLoader:240 - Cannot read IP mode file for STMicroelectronics.X-CUBE-AZRTOS-L4.2.0.0
2024-11-22 08:56:51,136 [WARN] ConditionMgr:1039 - genDependencies : Invalid condition id : LAN8742 Phy interface Condition cause : null
2024-11-22 08:56:51,136 [WARN] ConditionMgr:1039 - genDependencies : Invalid condition id : LAN8742 Phy interface Condition cause : null
2024-11-22 08:56:51,137 [WARN] ConditionMgr:1039 - genDependencies : Invalid condition id : LAN8742 Phy interface Condition cause : null
2024-11-22 08:56:51,144 [WARN] PackLoader:240 - Cannot read IP mode file for STMicroelectronics.X-CUBE-SFXS2LP1.4.0.0
2024-11-22 08:56:51,165 [WARN] PackLoader:240 - Cannot read IP mode file for STMicroelectronics.X-CUBE-AZRTOS-H7.3.3.0
2024-11-22 08:56:51,178 [WARN] PackLoader:240 - Cannot read IP mode file for STMicroelectronics.X-CUBE-IPS.3.0.0
2024-11-22 08:56:51,193 [WARN] ConditionMgr:438 - getConditionDescription Invalid condition id : UX DEVICE CLASS RTOS Condition cause : null
2024-11-22 08:56:51,193 [WARN] ConditionMgr:438 - getConditionDescription Invalid condition id : UX DEVICE CLASS RTOS Condition cause : null
2024-11-22 08:56:51,195 [WARN] PackLoader:240 - Cannot read IP mode file for STMicroelectronics.X-CUBE-AZRTOS-WB.2.0.0
2024-11-22 08:56:51,196 [WARN] ConditionMgr:1039 - genDependencies : Invalid condition id : UX DEVICE CLASS RTOS Condition cause : null
2024-11-22 08:56:51,196 [WARN] ConditionMgr:1039 - genDependencies : Invalid condition id : UX DEVICE CLASS RTOS Condition cause : null
2024-11-22 08:56:51,196 [WARN] ConditionMgr:1039 - genDependencies : Invalid condition id : UX DEVICE CLASS RTOS Condition cause : null
2024-11-22 08:56:51,197 [WARN] ConditionMgr:1039 - genDependencies : Invalid condition id : UX DEVICE CLASS RTOS Condition cause : null
2024-11-22 08:56:51,197 [WARN] ConditionMgr:1039 - genDependencies : Invalid condition id : UX DEVICE CLASS RTOS Condition cause : null
2024-11-22 08:56:51,202 [WARN] PackLoader:240 - Cannot read IP mode file for STMicroelectronics.X-CUBE-GNSS1.7.0.0
2024-11-22 08:56:51,212 [WARN] PackLoader:240 - Cannot read IP mode file for STMicroelectronics.X-CUBE-SUBG2.5.0.0
2024-11-22 08:56:51,222 [WARN] PackLoader:240 - Cannot read IP mode file for Cesanta.I-CUBE-Mongoose.7.13.0
2024-11-22 08:56:51,234 [WARN] PackLoader:240 - Cannot read IP mode file for STMicroelectronics.X-CUBE-AZRTOS-G4.2.0.0
2024-11-22 08:56:51,239 [WARN] PackLoader:240 - Cannot read IP mode file for STMicroelectronics.X-CUBE-ISPU.2.0.0
2024-11-22 08:56:51,274 [WARN] PackLoader:240 - Cannot read IP mode file for STMicroelectronics.X-CUBE-MEMS1.10.0.0
2024-11-22 08:56:51,397 [WARN] PackLoader:240 - Cannot read IP mode file for STMicroelectronics.X-CUBE-TOUCHGFX.4.24.0
2024-11-22 08:56:51,402 [WARN] PackLoader:240 - Cannot read IP mode file for STMicroelectronics.X-CUBE-TOUCHGFX.4.24.1
2024-11-22 08:56:51,409 [WARN] PackLoader:240 - Cannot read IP mode file for portGmbH.I-Cube-SoM-uGOAL.1.1.0
2024-11-22 08:56:51,413 [WARN] PackLoader:240 - Cannot read IP mode file for STMicroelectronics.FP-ATR-ASTRA1.2.0.0
2024-11-22 08:56:51,422 [WARN] PackLoader:240 - Cannot read IP mode file for STMicroelectronics.X-CUBE-TOF1.3.4.2
2024-11-22 08:56:51,443 [WARN] PackLoader:240 - Cannot read IP mode file for STMicroelectronics.X-CUBE-TOF1.3.4.1
2024-11-22 08:56:51,483 [WARN] PackLoader:240 - Cannot read IP mode file for STMicroelectronics.X-CUBE-AZRTOS-H7.3.2.0
2024-11-22 08:56:51,504 [WARN] PackLoader:240 - Cannot read IP mode file for Infineon.AIROC-Wi-Fi-Bluetooth-STM32.1.6.0
2024-11-22 08:56:51,515 [WARN] PackLoader:240 - Cannot read IP mode file for wolfSSL.I-CUBE-wolfSSH.1.4.17
2024-11-22 08:56:51,516 [INFO] ThirdParty:978 - Integrity check success = true
2024-11-22 08:56:51,517 [INFO] IntegrityCheckThread:100 - exiting critical section [integrity check]
2024-11-22 08:56:51,517 [INFO] IntegrityCheckThread:103 - End integrity checks thread
2024-11-22 08:56:52,711 [INFO] WebApp:779 - Register for checkConnection events
2024-11-22 08:56:52,711 [INFO] WebApp:414 - Apply proxy settings
2024-11-22 08:56:52,711 [INFO] WebApp:499 - Chromium requires no authentication
2024-11-22 08:56:52,719 [INFO] WebApp:442 - Direct internet connection detected
2024-11-22 08:56:52,902 [INFO] WebApp:192 - Starting web application
2024-11-22 08:56:52,903 [INFO] WebApp:544 - Web application path used D:\soft\STM32CubeIDE_1.15.1\STM32CubeIDE\plugins\com.st.stm32cube.common.mx_6.11.1.202404110753\db\plugins\mcufinder\reactClient1\index.html
2024-11-22 11:19:36,031 [ERROR] ConfigurationRetriever:142 - IOException on connection: sw-center.st.com
2024-11-22 11:19:36,032 [ERROR] ConfigurationRetriever:142 - IOException on connection: sw-center.st.com
2024-11-22 11:19:36,032 [ERROR] ConfigurationRetriever:142 - IOException on connection: sw-center.st.com
2024-11-22 11:51:55,029 [ERROR] ConfigurationRetriever:142 - IOException on connection: sw-center.st.com
2024-11-22 11:51:55,041 [ERROR] ConfigurationRetriever:142 - IOException on connection: sw-center.st.com
2024-11-22 11:51:55,041 [ERROR] ConfigurationRetriever:142 - IOException on connection: sw-center.st.com
2024-11-22 11:52:30,537 [ERROR] ConfigurationRetriever:142 - IOException on connection: sw-center.st.com
2024-11-22 11:52:30,538 [ERROR] ConfigurationRetriever:142 - IOException on connection: sw-center.st.com
2024-11-22 11:52:30,538 [ERROR] ConfigurationRetriever:142 - IOException on connection: sw-center.st.com
2024-11-22 12:11:12,522 [ERROR] ConfigurationRetriever:142 - IOException on connection: sw-center.st.com
2024-11-22 12:11:12,523 [ERROR] ConfigurationRetriever:142 - IOException on connection: sw-center.st.com
2024-11-22 12:11:12,523 [ERROR] ConfigurationRetriever:142 - IOException on connection: sw-center.st.com
