2024-10-29 08:50:39,044 [INFO] Activator:176 - 


2024-10-29 08:50:39,046 [INFO] Activator:177 - !SESSION log4j initialized
2024-10-29 08:50:41,459 [INFO] LogOutputStream:77 - [STDOUT_REDIRECT] 
2024-10-29 08:50:48,212 [INFO] ApplicationProperties:184 - Using Application install path: D:\soft\STM32CubeIDE_1.15.1\STM32CubeIDE\plugins\com.st.stm32cube.common.mx_6.11.1.202404110753
2024-10-29 08:50:48,268 [INFO] DbMcusXml:78 - Set database path to: D:\soft\STM32CubeIDE_1.15.1\STM32CubeIDE\plugins\com.st.stm32cube.common.mx_6.11.1.202404110753\\db\/mcu/
2024-10-29 08:50:48,269 [INFO] ApiDb:274 - Set plugin database path to: D:\soft\STM32CubeIDE_1.15.1\STM32CubeIDE\plugins\com.st.stm32cube.common.mx_6.11.1.202404110753\\db\/plugins/boardmanager/
2024-10-29 08:50:48,270 [WARN] ApiDb:259 - Overriding images path with different value:  => D:\soft\STM32CubeIDE_1.15.1\STM32CubeIDE\plugins\com.st.stm32cube.common.mx_6.11.1.202404110753\\db\/plugins/mcufinder/images/
2024-10-29 08:50:48,282 [INFO] ApiDb:250 - Set database path to: C:\Users\32589\.stmcufinder\plugins\mcufinder//mcu/
2024-10-29 08:50:48,285 [INFO] DbMcusAds:125 - Set database path to: C:\Users\32589\.stmcufinder\plugins\mcufinder//mcu/
2024-10-29 08:50:48,291 [INFO] CrossReferenceDbSqlite:203 - Set database path to: C:\Users\32589\.stmcufinder\plugins\mcufinder//mcu/cs/
2024-10-29 08:50:48,629 [INFO] RulesReader:64 - Compatibility file has been processed (297 Rules)
2024-10-29 08:50:48,803 [INFO] DbMcusXml:78 - Set database path to: D:\soft\STM32CubeIDE_1.15.1\STM32CubeIDE\plugins\com.st.stm32cube.common.mx_6.11.1.202404110753\\db\/mcu/
2024-10-29 08:50:48,803 [INFO] ApiDb:274 - Set plugin database path to: D:\soft\STM32CubeIDE_1.15.1\STM32CubeIDE\plugins\com.st.stm32cube.common.mx_6.11.1.202404110753\\db\/plugins/boardmanager/
2024-10-29 08:50:48,803 [INFO] ApiDb:261 - Set plugin images path to: D:\soft\STM32CubeIDE_1.15.1\STM32CubeIDE\plugins\com.st.stm32cube.common.mx_6.11.1.202404110753\\db\/plugins/mcufinder/images/
2024-10-29 08:50:48,804 [WARN] DbFile:41 - Overriding database path with different value: C:\Users\32589\.stmcufinder\plugins\mcufinder/ => C:\Users\32589\.stmcufinder\plugins\mcufinder
2024-10-29 08:50:48,805 [INFO] ApiDb:250 - Set database path to: C:\Users\32589\.stmcufinder\plugins\mcufinder//mcu/
2024-10-29 08:50:48,805 [WARN] DbFile:41 - Overriding database path with different value: C:\Users\32589\.stmcufinder\plugins\mcufinder/ => C:\Users\32589\.stmcufinder\plugins\mcufinder
2024-10-29 08:50:48,805 [INFO] DbMcusAds:125 - Set database path to: C:\Users\32589\.stmcufinder\plugins\mcufinder//mcu/
2024-10-29 08:50:48,805 [WARN] DbFile:41 - Overriding database path with different value: C:\Users\32589\.stmcufinder\plugins\mcufinder/ => C:\Users\32589\.stmcufinder\plugins\mcufinder
2024-10-29 08:50:48,805 [WARN] DbFile:41 - Overriding database path with different value: C:\Users\32589\.stmcufinder\plugins\mcufinder/ => C:\Users\32589\.stmcufinder\plugins\mcufinder
2024-10-29 08:50:48,805 [INFO] CrossReferenceDbSqlite:203 - Set database path to: C:\Users\32589\.stmcufinder\plugins\mcufinder//mcu/cs/
2024-10-29 08:50:48,931 [INFO] MainPanel:264 - HeapMemory: 268435456
2024-10-29 08:50:49,140 [INFO] DbMcusXml:78 - Set database path to: D:\soft\STM32CubeIDE_1.15.1\STM32CubeIDE\plugins\com.st.stm32cube.common.mx_6.11.1.202404110753\\db\/mcu/
2024-10-29 08:50:49,140 [INFO] ApiDb:274 - Set plugin database path to: D:\soft\STM32CubeIDE_1.15.1\STM32CubeIDE\plugins\com.st.stm32cube.common.mx_6.11.1.202404110753\\db\/plugins/boardmanager/
2024-10-29 08:50:49,141 [INFO] ApiDb:261 - Set plugin images path to: D:\soft\STM32CubeIDE_1.15.1\STM32CubeIDE\plugins\com.st.stm32cube.common.mx_6.11.1.202404110753\\db\/plugins/mcufinder/images/
2024-10-29 08:50:49,142 [WARN] DbFile:41 - Overriding database path with different value: C:\Users\32589\.stmcufinder\plugins\mcufinder/ => C:\Users\32589\.stmcufinder\plugins\mcufinder
2024-10-29 08:50:49,142 [INFO] ApiDb:250 - Set database path to: C:\Users\32589\.stmcufinder\plugins\mcufinder//mcu/
2024-10-29 08:50:49,142 [WARN] DbFile:41 - Overriding database path with different value: C:\Users\32589\.stmcufinder\plugins\mcufinder/ => C:\Users\32589\.stmcufinder\plugins\mcufinder
2024-10-29 08:50:49,142 [INFO] DbMcusAds:125 - Set database path to: C:\Users\32589\.stmcufinder\plugins\mcufinder//mcu/
2024-10-29 08:50:49,142 [WARN] DbFile:41 - Overriding database path with different value: C:\Users\32589\.stmcufinder\plugins\mcufinder/ => C:\Users\32589\.stmcufinder\plugins\mcufinder
2024-10-29 08:50:49,142 [WARN] DbFile:41 - Overriding database path with different value: C:\Users\32589\.stmcufinder\plugins\mcufinder/ => C:\Users\32589\.stmcufinder\plugins\mcufinder
2024-10-29 08:50:49,142 [INFO] CrossReferenceDbSqlite:203 - Set database path to: C:\Users\32589\.stmcufinder\plugins\mcufinder//mcu/cs/
2024-10-29 08:50:49,175 [INFO] ApplicationProperties:184 - Using Application install path: D:\soft\STM32CubeIDE_1.15.1\STM32CubeIDE\plugins\com.st.stm32cube.common.mx_6.11.1.202404110753
2024-10-29 08:50:49,180 [INFO] PluginManage:196 - Search for loadable plugins [exclusion list=, ]
2024-10-29 08:50:49,185 [INFO] PluginManage:310 - Check plugin analytics
2024-10-29 08:50:49,652 [INFO] AnalyticsPlugin:253 - Accepted Software Licenses: 
2024-10-29 08:50:49,653 [INFO] AnalyticsPlugin:255 - Accepted CMSIS Pack Licenses: 
2024-10-29 08:50:49,653 [INFO] AnalyticsPlugin:257 - Accepted Firmware Licenses: 
2024-10-29 08:50:49,657 [INFO] PluginManage:359 - Loaded plugin analytics (category:tool,tabindex:-1)
2024-10-29 08:50:49,657 [INFO] PluginManage:310 - Check plugin cadmodel
2024-10-29 08:50:49,664 [INFO] CADModel:105 - Init CAD model plugin
2024-10-29 08:50:49,664 [INFO] PluginManage:359 - Loaded plugin cadmodel (category:power,tabindex:5)
2024-10-29 08:50:49,665 [INFO] PluginManage:310 - Check plugin clock
2024-10-29 08:50:49,682 [INFO] PluginManage:359 - Loaded plugin clock (category:base,tabindex:2)
2024-10-29 08:50:49,683 [INFO] PluginManage:310 - Check plugin ddr
2024-10-29 08:50:49,688 [INFO] PluginManage:359 - Loaded plugin ddr (category:tool,tabindex:6)
2024-10-29 08:50:49,688 [INFO] PluginManage:310 - Check plugin filemanager
2024-10-29 08:50:50,029 [INFO] PluginManage:359 - Loaded plugin filemanager (category:base,tabindex:10)
2024-10-29 08:50:50,029 [INFO] PluginManage:310 - Check plugin ipmanager
2024-10-29 08:50:50,041 [INFO] PluginManage:359 - Loaded plugin ipmanager (category:base,tabindex:5)
2024-10-29 08:50:50,041 [INFO] PluginManage:310 - Check plugin lpbam
2024-10-29 08:50:50,060 [INFO] PluginManage:359 - Loaded plugin lpbam (category:base,tabindex:0)
2024-10-29 08:50:50,060 [INFO] PluginManage:310 - Check plugin memorymap
2024-10-29 08:50:50,105 [INFO] PluginManage:359 - Loaded plugin memorymap (category:base,tabindex:4)
2024-10-29 08:50:50,106 [INFO] PluginManage:310 - Check plugin pinoutandconfiguration
2024-10-29 08:50:50,128 [INFO] PluginManage:359 - Loaded plugin pinoutandconfiguration (category:base,tabindex:1)
2024-10-29 08:50:50,128 [INFO] PluginManage:310 - Check plugin pinoutconfig
2024-10-29 08:50:50,371 [WARN] SupportedApi:132 - Cannot load RTOS API schema: s4s-elt-must-match.1: The content of 'definitions' must match (annotation?, (simpleType | complexType)?, (unique | key | keyref)*)). A problem was found starting at: attribute.
2024-10-29 08:50:50,922 [INFO] PluginManage:359 - Loaded plugin pinoutconfig (category:base,tabindex:0)
2024-10-29 08:50:50,922 [INFO] PluginManage:310 - Check plugin power
2024-10-29 08:50:50,946 [INFO] PluginManage:359 - Loaded plugin power (category:power,tabindex:4)
2024-10-29 08:50:50,947 [INFO] PluginManage:310 - Check plugin projectmanager
2024-10-29 08:50:50,982 [INFO] PluginManage:359 - Loaded plugin projectmanager (category:projectmanager,tabindex:3)
2024-10-29 08:50:50,982 [INFO] PluginManage:310 - Check plugin thirdparty
2024-10-29 08:50:51,282 [INFO] PluginManage:359 - Loaded plugin thirdparty (category:base,tabindex:-1)
2024-10-29 08:50:51,281 [WARN] IntegrityCheckThread:84 - waiting for thirdparty lock release [integrity check]
2024-10-29 08:50:51,282 [INFO] PluginManage:310 - Check plugin tools
2024-10-29 08:50:51,282 [INFO] IntegrityCheckThread:86 - entering critical section [integrity check]
2024-10-29 08:50:51,283 [INFO] ThirdPartyUpdaterWithRetryManager:70 - Updater plugin not ready yet. [1/15]
2024-10-29 08:50:51,286 [INFO] PluginManage:359 - Loaded plugin tools (category:base,tabindex:7)
2024-10-29 08:50:51,286 [INFO] PluginManage:310 - Check plugin tutovideos
2024-10-29 08:50:51,777 [INFO] PluginManage:359 - Loaded plugin tutovideos (category:base,tabindex:-1)
2024-10-29 08:50:51,778 [INFO] PluginManage:310 - Check plugin updater
2024-10-29 08:50:51,801 [INFO] PluginManage:359 - Loaded plugin updater (category:base,tabindex:12)
2024-10-29 08:50:51,802 [INFO] PluginManage:310 - Check plugin userauth
2024-10-29 08:50:51,813 [INFO] UserAuth:114 - Init User Auth plugin
2024-10-29 08:50:51,813 [INFO] PluginManage:359 - Loaded plugin userauth (category:base,tabindex:14)
2024-10-29 08:50:51,815 [INFO] PluginManage:283 - PluginManage : Loaded plugins [17]
2024-10-29 08:50:52,339 [INFO] PinOutPanel:1561 - setPackage(No Configuration,No Configuration)
2024-10-29 08:50:52,478 [INFO] CADModel:165 - CPN selected for project level
2024-10-29 08:50:52,478 [INFO] CADModel:114 - Register for checkConnection events
2024-10-29 08:50:52,513 [INFO] IPUIPlugin:80 - create IPUIPlugin
2024-10-29 08:50:52,513 [INFO] PluginManager:220 - loadIPPluginJar : add adc
2024-10-29 08:50:52,517 [INFO] IPUIPlugin:80 - create IPUIPlugin
2024-10-29 08:50:52,517 [INFO] PluginManager:220 - loadIPPluginJar : add aes
2024-10-29 08:50:52,521 [INFO] IPUIPlugin:80 - create IPUIPlugin
2024-10-29 08:50:52,522 [INFO] PluginManager:220 - loadIPPluginJar : add can
2024-10-29 08:50:52,525 [INFO] IPUIPlugin:80 - create IPUIPlugin
2024-10-29 08:50:52,525 [INFO] PluginManager:220 - loadIPPluginJar : add comp
2024-10-29 08:50:52,530 [INFO] IPUIPlugin:80 - create IPUIPlugin
2024-10-29 08:50:52,531 [INFO] PluginManager:220 - loadIPPluginJar : add cryp
2024-10-29 08:50:52,537 [INFO] IPUIPlugin:80 - create IPUIPlugin
2024-10-29 08:50:52,537 [INFO] PluginManager:220 - loadIPPluginJar : add dfsdm
2024-10-29 08:50:52,547 [INFO] IPUIPlugin:80 - create IPUIPlugin
2024-10-29 08:50:52,549 [INFO] PluginManager:220 - loadIPPluginJar : add dma
2024-10-29 08:50:52,555 [INFO] IPUIPlugin:80 - create IPUIPlugin
2024-10-29 08:50:52,555 [INFO] PluginManager:220 - loadIPPluginJar : add dma3
2024-10-29 08:50:52,559 [INFO] IPUIPlugin:80 - create IPUIPlugin
2024-10-29 08:50:52,559 [INFO] PluginManager:220 - loadIPPluginJar : add extmemmanager
2024-10-29 08:50:52,562 [INFO] IPUIPlugin:80 - create IPUIPlugin
2024-10-29 08:50:52,562 [INFO] PluginManager:220 - loadIPPluginJar : add fatfs
2024-10-29 08:50:52,571 [INFO] IPUIPlugin:80 - create IPUIPlugin
2024-10-29 08:50:52,571 [INFO] PluginManager:220 - loadIPPluginJar : add fmc
2024-10-29 08:50:52,587 [INFO] IPUIPlugin:80 - create IPUIPlugin
2024-10-29 08:50:52,587 [INFO] PluginManager:220 - loadIPPluginJar : add freertos
2024-10-29 08:50:52,591 [INFO] IPUIPlugin:80 - create IPUIPlugin
2024-10-29 08:50:52,591 [INFO] PluginManager:220 - loadIPPluginJar : add genericplugin
2024-10-29 08:50:52,595 [INFO] IPUIPlugin:80 - create IPUIPlugin
2024-10-29 08:50:52,596 [INFO] PluginManager:220 - loadIPPluginJar : add gfxmmu
2024-10-29 08:50:52,605 [INFO] IPUIPlugin:80 - create IPUIPlugin
2024-10-29 08:50:52,605 [INFO] PluginManager:220 - loadIPPluginJar : add gic
2024-10-29 08:50:52,612 [INFO] IPUIPlugin:80 - create IPUIPlugin
2024-10-29 08:50:52,612 [INFO] PluginManager:220 - loadIPPluginJar : add gpio
2024-10-29 08:50:52,619 [INFO] IPUIPlugin:80 - create IPUIPlugin
2024-10-29 08:50:52,619 [INFO] PluginManager:220 - loadIPPluginJar : add gtzc
2024-10-29 08:50:52,623 [INFO] IPUIPlugin:80 - create IPUIPlugin
2024-10-29 08:50:52,623 [INFO] PluginManager:220 - loadIPPluginJar : add hash
2024-10-29 08:50:52,627 [INFO] IPUIPlugin:80 - create IPUIPlugin
2024-10-29 08:50:52,627 [INFO] PluginManager:220 - loadIPPluginJar : add i2c
2024-10-29 08:50:52,631 [INFO] IPUIPlugin:80 - create IPUIPlugin
2024-10-29 08:50:52,631 [INFO] PluginManager:220 - loadIPPluginJar : add i2s
2024-10-29 08:50:52,636 [INFO] IPUIPlugin:80 - create IPUIPlugin
2024-10-29 08:50:52,636 [INFO] PluginManager:220 - loadIPPluginJar : add i3c
2024-10-29 08:50:52,644 [INFO] IPUIPlugin:80 - create IPUIPlugin
2024-10-29 08:50:52,644 [INFO] PluginManager:220 - loadIPPluginJar : add ipddr
2024-10-29 08:50:52,653 [INFO] IPUIPlugin:80 - create IPUIPlugin
2024-10-29 08:50:52,654 [INFO] PluginManager:220 - loadIPPluginJar : add linkedlist
2024-10-29 08:50:52,659 [INFO] IPUIPlugin:80 - create IPUIPlugin
2024-10-29 08:50:52,659 [INFO] PluginManager:220 - loadIPPluginJar : add lorawan
2024-10-29 08:50:52,662 [INFO] IPUIPlugin:80 - create IPUIPlugin
2024-10-29 08:50:52,662 [INFO] PluginManager:220 - loadIPPluginJar : add ltdc
2024-10-29 08:50:52,691 [INFO] IPUIPlugin:80 - create IPUIPlugin
2024-10-29 08:50:52,692 [INFO] PluginManager:220 - loadIPPluginJar : add mdma
2024-10-29 08:50:52,699 [INFO] IPUIPlugin:80 - create IPUIPlugin
2024-10-29 08:50:52,699 [INFO] PluginManager:220 - loadIPPluginJar : add nvic
2024-10-29 08:50:52,704 [INFO] IPUIPlugin:80 - create IPUIPlugin
2024-10-29 08:50:52,704 [INFO] PluginManager:220 - loadIPPluginJar : add opamp
2024-10-29 08:50:52,710 [INFO] IPUIPlugin:80 - create IPUIPlugin
2024-10-29 08:50:52,711 [INFO] PluginManager:220 - loadIPPluginJar : add openamp
2024-10-29 08:50:52,717 [INFO] IPUIPlugin:80 - create IPUIPlugin
2024-10-29 08:50:52,717 [INFO] PluginManager:220 - loadIPPluginJar : add pdm2pcm
2024-10-29 08:50:52,729 [INFO] IPUIPlugin:80 - create IPUIPlugin
2024-10-29 08:50:52,738 [INFO] PluginManager:220 - loadIPPluginJar : add plateformsettings
2024-10-29 08:50:52,742 [INFO] IPUIPlugin:80 - create IPUIPlugin
2024-10-29 08:50:52,742 [INFO] PluginManager:220 - loadIPPluginJar : add quadspi
2024-10-29 08:50:52,748 [INFO] IPUIPlugin:80 - create IPUIPlugin
2024-10-29 08:50:52,748 [INFO] PluginManager:220 - loadIPPluginJar : add resmgrutility
2024-10-29 08:50:52,752 [INFO] IPUIPlugin:80 - create IPUIPlugin
2024-10-29 08:50:52,753 [INFO] PluginManager:220 - loadIPPluginJar : add sai
2024-10-29 08:50:52,758 [INFO] IPUIPlugin:80 - create IPUIPlugin
2024-10-29 08:50:52,758 [INFO] PluginManager:220 - loadIPPluginJar : add spi
2024-10-29 08:50:52,767 [INFO] IPUIPlugin:80 - create IPUIPlugin
2024-10-29 08:50:52,767 [INFO] PluginManager:220 - loadIPPluginJar : add stm32_wpan
2024-10-29 08:50:52,771 [INFO] IPUIPlugin:80 - create IPUIPlugin
2024-10-29 08:50:52,771 [INFO] PluginManager:220 - loadIPPluginJar : add tim
2024-10-29 08:50:52,777 [INFO] IPUIPlugin:80 - create IPUIPlugin
2024-10-29 08:50:52,778 [INFO] PluginManager:220 - loadIPPluginJar : add touchsensing
2024-10-29 08:50:52,781 [INFO] IPUIPlugin:80 - create IPUIPlugin
2024-10-29 08:50:52,781 [INFO] PluginManager:220 - loadIPPluginJar : add tracer_emb
2024-10-29 08:50:52,784 [INFO] IPUIPlugin:80 - create IPUIPlugin
2024-10-29 08:50:52,784 [INFO] PluginManager:220 - loadIPPluginJar : add ts
2024-10-29 08:50:52,786 [INFO] IPUIPlugin:80 - create IPUIPlugin
2024-10-29 08:50:52,786 [INFO] PluginManager:220 - loadIPPluginJar : add tsc
2024-10-29 08:50:52,789 [INFO] IPUIPlugin:80 - create IPUIPlugin
2024-10-29 08:50:52,790 [INFO] PluginManager:220 - loadIPPluginJar : add ucpd
2024-10-29 08:50:52,794 [INFO] IPUIPlugin:80 - create IPUIPlugin
2024-10-29 08:50:52,794 [INFO] PluginManager:220 - loadIPPluginJar : add usart
2024-10-29 08:50:52,800 [INFO] IPUIPlugin:80 - create IPUIPlugin
2024-10-29 08:50:52,801 [INFO] PluginManager:220 - loadIPPluginJar : add usbx
2024-10-29 08:50:52,945 [INFO] CADModel:165 - CPN selected for project level
2024-10-29 08:50:52,945 [INFO] CADModel:114 - Register for checkConnection events
2024-10-29 08:50:52,947 [FATAL] Updater:308 - Updater called before beeing initialized
2024-10-29 08:50:52,947 [ERROR] CADModel:125 - Updater not yet initialized, retry later 
2024-10-29 08:50:53,099 [INFO] CADModel:165 - CPN selected for project level
2024-10-29 08:50:53,100 [INFO] CADModel:114 - Register for checkConnection events
2024-10-29 08:50:53,100 [FATAL] Updater:308 - Updater called before beeing initialized
2024-10-29 08:50:53,100 [ERROR] CADModel:125 - Updater not yet initialized, retry later 
2024-10-29 08:50:53,103 [FATAL] Updater:308 - Updater called before beeing initialized
2024-10-29 08:50:53,236 [FATAL] Updater:308 - Updater called before beeing initialized
2024-10-29 08:50:53,244 [INFO] DbMcusAds:53 - JSON generation date=Thu Sep 30 14:55:09 CST 2021 (1632984909247)
2024-10-29 08:50:53,244 [FATAL] Updater:308 - Updater called before beeing initialized
2024-10-29 08:50:53,295 [WARN] DetailPanel:346 - Failed to get advertising image, set to default
2024-10-29 08:50:53,439 [FATAL] Updater:308 - Updater called before beeing initialized
2024-10-29 08:50:53,440 [FATAL] Updater:308 - Updater called before beeing initialized
2024-10-29 08:50:53,440 [FATAL] Updater:308 - Updater called before beeing initialized
2024-10-29 08:50:53,440 [WARN] DetailPanel:346 - Failed to get advertising image, set to default
2024-10-29 08:50:53,441 [FATAL] Updater:308 - Updater called before beeing initialized
2024-10-29 08:50:53,503 [ERROR] Updater:1120 - MainUpdater not yet initialized. External WinMGr cannot be set.
2024-10-29 08:50:53,506 [INFO] Updater:1056 - Updater Version found : 6.11.1
2024-10-29 08:50:53,533 [INFO] ApplicationProperties:184 - Using Application install path: D:\soft\STM32CubeIDE_1.15.1\STM32CubeIDE\plugins\com.st.stm32cube.common.mx_6.11.1.202404110753
2024-10-29 08:50:54,103 [INFO] MainUpdater:2873 - connection check result : 10
2024-10-29 08:50:54,104 [INFO] MainUpdater:290 - Updater Check For Update Now.
2024-10-29 08:50:54,105 [INFO] MicroXplorer:498 - Change Database Version : DB.6.0.111
2024-10-29 08:50:54,118 [INFO] McuFinderGlobals:63 - Set McuFinder mode to 2 (CubeIDE integrated)
2024-10-29 08:50:54,118 [INFO] UserAuth:179 - activating auth plugin
2024-10-29 08:50:54,121 [INFO] UserAuth:415 - Internet connection configuration mode: 1
2024-10-29 08:50:54,166 [INFO] JxBrowserEngine:152 - Initiate JxBrowser Engine with user profile folder
2024-10-29 08:50:54,283 [WARN] MainUpdater:1194 - Updater busy. Cannot search thirdparties
2024-10-29 08:50:54,283 [INFO] ThirdPartyUpdaterWithRetryManager:96 - Updater plugin is busy. [1/15]
2024-10-29 08:50:54,311 [INFO] CheckServerUpdateThread:120 - End of CheckServer Thread
2024-10-29 08:50:55,049 [INFO] WebApp:161 - Instantiating new browser for Auth
2024-10-29 08:50:55,790 [INFO] WebApp:779 - Register for checkConnection events
2024-10-29 08:50:55,790 [INFO] WebApp:414 - Apply proxy settings
2024-10-29 08:50:55,791 [INFO] WebApp:499 - Chromium requires no authentication
2024-10-29 08:50:55,802 [INFO] WebApp:442 - Direct internet connection detected
2024-10-29 08:50:56,023 [INFO] WebApp:192 - Starting web application
2024-10-29 08:50:56,024 [INFO] WebApp:544 - Web application path used D:\soft\STM32CubeIDE_1.15.1\STM32CubeIDE\plugins\com.st.stm32cube.common.mx_6.11.1.202404110753\db\plugins\mcufinder\reactClient1\index.html
2024-10-29 08:50:57,466 [WARN] PackLoader:240 - Cannot read IP mode file for STMicroelectronics.X-CUBE-SMBUS.2.1.0
2024-10-29 08:50:57,476 [WARN] PackLoader:240 - Cannot read IP mode file for STMicroelectronics.X-CUBE-WB05N.1.1.0
2024-10-29 08:50:57,516 [WARN] PackLoader:240 - Cannot read IP mode file for STMicroelectronics.X-CUBE-AZRTOS-F7.1.1.0
2024-10-29 08:50:57,593 [WARN] PackLoader:240 - Cannot read IP mode file for STMicroelectronics.X-CUBE-MEMS1.11.0.0
2024-10-29 08:50:57,712 [WARN] PackLoader:240 - Cannot read IP mode file for STMicroelectronics.FP-SNS-FLIGHT1.5.0.2
2024-10-29 08:50:57,720 [WARN] PackLoader:240 - Cannot read IP mode file for STMicroelectronics.X-CUBE-DISPLAY.3.0.0
2024-10-29 08:50:57,731 [WARN] PackLoader:240 - Cannot read IP mode file for STMicroelectronics.X-CUBE-BLE1.7.0.0
2024-10-29 08:50:57,736 [WARN] PackLoader:240 - Cannot read IP mode file for STMicroelectronics.X-CUBE-NFC10.1.0.0
2024-10-29 08:50:57,744 [WARN] PackLoader:240 - Cannot read IP mode file for emotas.I-CUBE-CANOPEN.1.3.0
2024-10-29 08:50:57,752 [WARN] PackLoader:240 - Cannot read IP mode file for STMicroelectronics.X-CUBE-BLEMGR.3.1.0
2024-10-29 08:50:57,758 [WARN] PackLoader:240 - Cannot read IP mode file for STMicroelectronics.FP-SNS-SMARTAG2.1.2.0
2024-10-29 08:50:57,764 [INFO] LogOutputStream:77 - [STDOUT_REDIRECT] 1 : Invalid condition id : UX_CORESTACK_Condition cause : null
2024-10-29 08:50:57,765 [INFO] LogOutputStream:77 - [STDOUT_REDIRECT] 1 : Invalid condition id : UX_CORESTACK_Condition cause : null
2024-10-29 08:50:57,767 [INFO] LogOutputStream:77 - [STDOUT_REDIRECT] 1 : Invalid condition id : UX_CORESTACK_Condition cause : null
2024-10-29 08:50:57,770 [INFO] LogOutputStream:77 - [STDOUT_REDIRECT] 1 : Invalid condition id : UX_CORESTACK_Condition cause : null
2024-10-29 08:50:57,772 [INFO] LogOutputStream:77 - [STDOUT_REDIRECT] 1 : Invalid condition id : UX_CORESTACK_Condition cause : null
2024-10-29 08:50:57,775 [WARN] PackLoader:240 - Cannot read IP mode file for STMicroelectronics.X-CUBE-AZRTOS-WL.2.0.0
2024-10-29 08:50:57,778 [WARN] PackLoader:240 - Cannot read IP mode file for wolfSSL.I-CUBE-wolfMQTT.1.19.0
2024-10-29 08:50:57,783 [WARN] PackLoader:240 - Cannot read IP mode file for STMicroelectronics.X-CUBE-BLE2.3.3.0
2024-10-29 08:50:57,789 [WARN] PackLoader:240 - Cannot read IP mode file for STMicroelectronics.X-CUBE-NFC9.1.0.0
2024-10-29 08:50:57,804 [WARN] PackLoader:240 - Cannot read IP mode file for STMicroelectronics.X-CUBE-AZRTOS-G0.1.1.0
2024-10-29 08:50:57,811 [WARN] PackLoader:240 - Cannot read IP mode file for STMicroelectronics.X-CUBE-NFC4.3.0.0
2024-10-29 08:50:57,822 [WARN] PackLoader:240 - Cannot read IP mode file for EmbeddedOffice.I-CUBE-FS-RTOS.1.0.1
2024-10-29 08:50:57,823 [ERROR] ConditionMgr:805 - Attr not supported : Dmpu
2024-10-29 08:50:57,823 [ERROR] ConditionMgr:805 - Attr not supported : Dmpu
2024-10-29 08:50:57,823 [ERROR] ConditionMgr:805 - Attr not supported : Dmpu
2024-10-29 08:50:57,823 [ERROR] ConditionMgr:805 - Attr not supported : Dmpu
2024-10-29 08:50:57,823 [ERROR] ConditionMgr:805 - Attr not supported : Dmpu
2024-10-29 08:50:57,823 [ERROR] ConditionMgr:805 - Attr not supported : Dmpu
2024-10-29 08:50:57,823 [ERROR] ConditionMgr:805 - Attr not supported : Dmpu
2024-10-29 08:50:57,823 [ERROR] ConditionMgr:805 - Attr not supported : Dmpu
2024-10-29 08:50:57,823 [ERROR] ConditionMgr:805 - Attr not supported : Dmpu
2024-10-29 08:50:57,824 [ERROR] ConditionMgr:805 - Attr not supported : Dmpu
2024-10-29 08:50:57,824 [ERROR] ConditionMgr:805 - Attr not supported : Dmpu
2024-10-29 08:50:57,824 [ERROR] ConditionMgr:805 - Attr not supported : Dmpu
2024-10-29 08:50:57,824 [ERROR] ConditionMgr:805 - Attr not supported : Dmpu
2024-10-29 08:50:57,824 [ERROR] ConditionMgr:805 - Attr not supported : Dmpu
2024-10-29 08:50:57,824 [ERROR] ConditionMgr:805 - Attr not supported : Dmpu
2024-10-29 08:50:57,824 [ERROR] ConditionMgr:805 - Attr not supported : Dmpu
2024-10-29 08:50:57,824 [ERROR] ConditionMgr:805 - Attr not supported : Dmpu
2024-10-29 08:50:57,824 [ERROR] ConditionMgr:805 - Attr not supported : Dmpu
2024-10-29 08:50:57,824 [ERROR] ConditionMgr:805 - Attr not supported : Dmpu
2024-10-29 08:50:57,825 [ERROR] ConditionMgr:805 - Attr not supported : Dmpu
2024-10-29 08:50:57,825 [ERROR] ConditionMgr:805 - Attr not supported : Dmpu
2024-10-29 08:50:57,825 [ERROR] ConditionMgr:805 - Attr not supported : Dmpu
2024-10-29 08:50:57,825 [ERROR] ConditionMgr:805 - Attr not supported : Dmpu
2024-10-29 08:50:57,825 [ERROR] ConditionMgr:805 - Attr not supported : Dmpu
2024-10-29 08:50:57,825 [ERROR] ConditionMgr:805 - Attr not supported : Dmpu
2024-10-29 08:50:57,825 [ERROR] ConditionMgr:805 - Attr not supported : Dmpu
2024-10-29 08:50:57,825 [ERROR] ConditionMgr:805 - Attr not supported : Dmpu
2024-10-29 08:50:57,825 [ERROR] ConditionMgr:805 - Attr not supported : Dmpu
2024-10-29 08:50:57,825 [ERROR] ConditionMgr:805 - Attr not supported : Dmpu
2024-10-29 08:50:57,825 [ERROR] ConditionMgr:805 - Attr not supported : Dmpu
2024-10-29 08:50:57,825 [ERROR] ConditionMgr:805 - Attr not supported : Dmpu
2024-10-29 08:50:57,825 [ERROR] ConditionMgr:805 - Attr not supported : Dmpu
2024-10-29 08:50:57,825 [ERROR] ConditionMgr:805 - Attr not supported : Dmpu
2024-10-29 08:50:57,825 [ERROR] ConditionMgr:805 - Attr not supported : Dmpu
2024-10-29 08:50:57,825 [ERROR] ConditionMgr:805 - Attr not supported : Dmpu
2024-10-29 08:50:57,826 [ERROR] ConditionMgr:805 - Attr not supported : Dmpu
2024-10-29 08:50:57,826 [ERROR] ConditionMgr:805 - Attr not supported : Dmpu
2024-10-29 08:50:57,826 [ERROR] ConditionMgr:805 - Attr not supported : Dmpu
2024-10-29 08:50:57,826 [ERROR] ConditionMgr:805 - Attr not supported : Dmpu
2024-10-29 08:50:57,826 [ERROR] ConditionMgr:805 - Attr not supported : Dmpu
2024-10-29 08:50:57,826 [ERROR] ConditionMgr:805 - Attr not supported : Dmpu
2024-10-29 08:50:57,826 [ERROR] ConditionMgr:805 - Attr not supported : Dmpu
2024-10-29 08:50:57,826 [ERROR] ConditionMgr:805 - Attr not supported : Dmpu
2024-10-29 08:50:57,827 [ERROR] ConditionMgr:805 - Attr not supported : Dmpu
2024-10-29 08:50:57,827 [ERROR] ConditionMgr:805 - Attr not supported : Dmpu
2024-10-29 08:50:57,827 [ERROR] ConditionMgr:805 - Attr not supported : Dmpu
2024-10-29 08:50:57,827 [ERROR] ConditionMgr:805 - Attr not supported : Dmpu
2024-10-29 08:50:57,827 [ERROR] ConditionMgr:805 - Attr not supported : Dmpu
2024-10-29 08:50:57,827 [ERROR] ConditionMgr:805 - Attr not supported : Dmpu
2024-10-29 08:50:57,827 [ERROR] ConditionMgr:805 - Attr not supported : Dmpu
2024-10-29 08:50:57,827 [ERROR] ConditionMgr:805 - Attr not supported : Dmpu
2024-10-29 08:50:57,827 [ERROR] ConditionMgr:805 - Attr not supported : Dmpu
2024-10-29 08:50:57,827 [ERROR] ConditionMgr:805 - Attr not supported : Dmpu
2024-10-29 08:50:57,827 [ERROR] ConditionMgr:805 - Attr not supported : Dmpu
2024-10-29 08:50:57,827 [ERROR] ConditionMgr:805 - Attr not supported : Dmpu
2024-10-29 08:50:57,827 [ERROR] ConditionMgr:805 - Attr not supported : Dmpu
2024-10-29 08:50:57,827 [ERROR] ConditionMgr:805 - Attr not supported : Dmpu
2024-10-29 08:50:57,827 [ERROR] ConditionMgr:805 - Attr not supported : Dmpu
2024-10-29 08:50:57,827 [ERROR] ConditionMgr:805 - Attr not supported : Dmpu
2024-10-29 08:50:57,828 [ERROR] ConditionMgr:805 - Attr not supported : Dmpu
2024-10-29 08:50:57,828 [ERROR] ConditionMgr:805 - Attr not supported : Dmpu
2024-10-29 08:50:57,828 [ERROR] ConditionMgr:805 - Attr not supported : Dmpu
2024-10-29 08:50:57,828 [ERROR] ConditionMgr:805 - Attr not supported : Dmpu
2024-10-29 08:50:57,828 [ERROR] ConditionMgr:805 - Attr not supported : Dmpu
2024-10-29 08:50:57,832 [WARN] PackLoader:240 - Cannot read IP mode file for RealThread.X-CUBE-RT-Thread_Nano.4.1.1
2024-10-29 08:50:57,836 [WARN] PackLoader:240 - Cannot read IP mode file for STMicroelectronics.FP-ATR-SIGFOX1.3.2.0
2024-10-29 08:50:57,843 [WARN] PackLoader:240 - Cannot read IP mode file for STMicroelectronics.X-CUBE-EEPRMA1.5.1.0
2024-10-29 08:50:57,851 [WARN] PackLoader:240 - Cannot read IP mode file for ITTIA_DB.I-CUBE-ITTIADB.8.9.0
2024-10-29 08:50:57,881 [WARN] PackLoader:240 - Cannot read IP mode file for SEGGER.I-CUBE-embOS.1.3.1
2024-10-29 08:50:57,915 [WARN] PackLoader:240 - Cannot read IP mode file for STMicroelectronics.X-CUBE-AI.9.1.0
2024-10-29 08:50:57,921 [WARN] PackLoader:240 - Cannot read IP mode file for STMicroelectronics.X-CUBE-GNSS1.6.0.0
2024-10-29 08:50:57,933 [WARN] PackLoader:240 - Cannot read IP mode file for STMicroelectronics.X-CUBE-AZRTOS-F4.1.1.0
2024-10-29 08:50:57,941 [WARN] PackLoader:240 - Cannot read IP mode file for STMicroelectronics.X-CUBE-ISPU.2.1.0
2024-10-29 08:50:57,957 [WARN] PackLoader:240 - Cannot read IP mode file for STMicroelectronics.X-CUBE-AZRTOS-L5.2.0.0
2024-10-29 08:50:57,964 [WARN] PackLoader:240 - Cannot read IP mode file for STMicroelectronics.X-CUBE-AI.9.0.0
2024-10-29 08:50:57,970 [WARN] PackLoader:240 - Cannot read IP mode file for STMicroelectronics.X-CUBE-NFC7.1.0.1
2024-10-29 08:50:57,975 [WARN] PackLoader:240 - Cannot read IP mode file for wolfSSL.I-CUBE-wolfTPM.3.2.0
2024-10-29 08:50:57,990 [WARN] ConditionMgr:438 - getConditionDescription Invalid condition id : LAN8742 Phy interface Condition cause : null
2024-10-29 08:50:57,991 [WARN] PackLoader:240 - Cannot read IP mode file for STMicroelectronics.X-CUBE-AZRTOS-L4.2.0.0
2024-10-29 08:50:57,993 [WARN] ConditionMgr:1039 - genDependencies : Invalid condition id : LAN8742 Phy interface Condition cause : null
2024-10-29 08:50:57,993 [WARN] ConditionMgr:1039 - genDependencies : Invalid condition id : LAN8742 Phy interface Condition cause : null
2024-10-29 08:50:57,998 [WARN] ConditionMgr:1039 - genDependencies : Invalid condition id : LAN8742 Phy interface Condition cause : null
2024-10-29 08:50:58,005 [WARN] PackLoader:240 - Cannot read IP mode file for STMicroelectronics.X-CUBE-SFXS2LP1.4.0.0
2024-10-29 08:50:58,024 [WARN] PackLoader:240 - Cannot read IP mode file for STMicroelectronics.X-CUBE-AZRTOS-H7.3.3.0
2024-10-29 08:50:58,037 [WARN] PackLoader:240 - Cannot read IP mode file for STMicroelectronics.X-CUBE-IPS.3.0.0
2024-10-29 08:50:58,051 [WARN] ConditionMgr:438 - getConditionDescription Invalid condition id : UX DEVICE CLASS RTOS Condition cause : null
2024-10-29 08:50:58,052 [WARN] ConditionMgr:438 - getConditionDescription Invalid condition id : UX DEVICE CLASS RTOS Condition cause : null
2024-10-29 08:50:58,053 [WARN] PackLoader:240 - Cannot read IP mode file for STMicroelectronics.X-CUBE-AZRTOS-WB.2.0.0
2024-10-29 08:50:58,053 [WARN] ConditionMgr:1039 - genDependencies : Invalid condition id : UX DEVICE CLASS RTOS Condition cause : null
2024-10-29 08:50:58,053 [WARN] ConditionMgr:1039 - genDependencies : Invalid condition id : UX DEVICE CLASS RTOS Condition cause : null
2024-10-29 08:50:58,053 [WARN] ConditionMgr:1039 - genDependencies : Invalid condition id : UX DEVICE CLASS RTOS Condition cause : null
2024-10-29 08:50:58,054 [WARN] ConditionMgr:1039 - genDependencies : Invalid condition id : UX DEVICE CLASS RTOS Condition cause : null
2024-10-29 08:50:58,054 [WARN] ConditionMgr:1039 - genDependencies : Invalid condition id : UX DEVICE CLASS RTOS Condition cause : null
2024-10-29 08:50:58,058 [WARN] PackLoader:240 - Cannot read IP mode file for STMicroelectronics.X-CUBE-GNSS1.7.0.0
2024-10-29 08:50:58,068 [WARN] PackLoader:240 - Cannot read IP mode file for STMicroelectronics.X-CUBE-SUBG2.5.0.0
2024-10-29 08:50:58,077 [WARN] PackLoader:240 - Cannot read IP mode file for Cesanta.I-CUBE-Mongoose.7.13.0
2024-10-29 08:50:58,090 [WARN] PackLoader:240 - Cannot read IP mode file for STMicroelectronics.X-CUBE-AZRTOS-G4.2.0.0
2024-10-29 08:50:58,096 [WARN] PackLoader:240 - Cannot read IP mode file for STMicroelectronics.X-CUBE-ISPU.2.0.0
2024-10-29 08:50:58,130 [WARN] PackLoader:240 - Cannot read IP mode file for STMicroelectronics.X-CUBE-MEMS1.10.0.0
2024-10-29 08:50:58,227 [WARN] PackLoader:240 - Cannot read IP mode file for STMicroelectronics.X-CUBE-TOUCHGFX.4.24.0
2024-10-29 08:50:58,230 [WARN] PackLoader:240 - Cannot read IP mode file for STMicroelectronics.X-CUBE-TOUCHGFX.4.24.1
2024-10-29 08:50:58,236 [WARN] PackLoader:240 - Cannot read IP mode file for portGmbH.I-Cube-SoM-uGOAL.1.1.0
2024-10-29 08:50:58,240 [WARN] PackLoader:240 - Cannot read IP mode file for STMicroelectronics.FP-ATR-ASTRA1.2.0.0
2024-10-29 08:50:58,250 [WARN] PackLoader:240 - Cannot read IP mode file for STMicroelectronics.X-CUBE-TOF1.3.4.2
2024-10-29 08:50:58,268 [WARN] PackLoader:240 - Cannot read IP mode file for STMicroelectronics.X-CUBE-TOF1.3.4.1
2024-10-29 08:50:58,289 [WARN] PackLoader:240 - Cannot read IP mode file for STMicroelectronics.X-CUBE-AZRTOS-H7.3.2.0
2024-10-29 08:50:58,302 [WARN] PackLoader:240 - Cannot read IP mode file for Infineon.AIROC-Wi-Fi-Bluetooth-STM32.1.6.0
2024-10-29 08:50:58,310 [WARN] PackLoader:240 - Cannot read IP mode file for wolfSSL.I-CUBE-wolfSSH.1.4.17
2024-10-29 08:50:58,310 [INFO] ThirdParty:978 - Integrity check success = true
2024-10-29 08:50:58,311 [INFO] IntegrityCheckThread:100 - exiting critical section [integrity check]
2024-10-29 08:50:58,311 [INFO] IntegrityCheckThread:103 - End integrity checks thread
2024-10-29 12:42:41,260 [ERROR] ConfigurationRetriever:142 - IOException on connection: sw-center.st.com
2024-10-29 12:42:41,261 [ERROR] ConfigurationRetriever:142 - IOException on connection: sw-center.st.com
2024-10-29 12:42:41,262 [ERROR] ConfigurationRetriever:142 - IOException on connection: sw-center.st.com
2024-10-29 12:55:41,036 [ERROR] ConfigurationRetriever:142 - IOException on connection: sw-center.st.com
2024-10-29 12:55:41,037 [ERROR] ConfigurationRetriever:142 - IOException on connection: sw-center.st.com
2024-10-29 12:55:41,037 [ERROR] ConfigurationRetriever:142 - IOException on connection: sw-center.st.com
2024-10-29 14:12:03,748 [ERROR] LogOutputStream:75 - [STDERR_REDIRECT] 
